commit aae57b7c738edfc7a81a1108006b575f1ab098e3
Author: mduban <iwo@utexas.edu>
Date:   Thu Mar 7 15:42:11 2013 -0600

    Added makefile

commit dbdcfa034a2f6b4505b4595d4d8be5274c191fd7
Author: mduban <iwo@utexas.edu>
Date:   Thu Mar 7 15:29:22 2013 -0600

    Added an assertion

commit 46855e0d477cf38b19d6f67e46ca55e3df5d2408
Merge: 25c816e 0e4fddc
Author: mduban <iwo@utexas.edu>
Date:   Thu Mar 7 15:23:09 2013 -0600

    Merge branch 'master' of https://github.com/VincentSteil/cs327e-wcdb.git

commit 25c816e580824e40ce03cd7c6d9971f02139b852
Author: mduban <iwo@utexas.edu>
Date:   Thu Mar 7 15:22:39 2013 -0600

    Added output of TestWCDB

commit 0e4fddc0a9af4fc9bba67bf10ad5381c1b1665c2
Author: VincentSteil <vincent.steil@utexas.edu>
Date:   Thu Mar 7 15:04:47 2013 -0600

    XML and XSD completely done

commit 338df35d6b5a3940e5e61a3ba47bbf0d8cbccc85
Author: VincentSteil <vincent.steil@utexas.edu>
Date:   Thu Mar 7 14:44:50 2013 -0600

    All XML data entered. Just need to pull the schema once more and
    validate.

commit bb30b541573c7398f607720b2c3c5ce121d8344c
Author: VincentSteil <vincent.steil@utexas.edu>
Date:   Thu Mar 7 10:02:41 2013 -0600

    10/10 Crises, 7/10 Orgs, 1/10 Ppl

commit 937e9310575407cab4e8d16e8c7ecddd0e513572
Merge: f520ed8 d9a51cf
Author: VincentSteil <vincent.steil@utexas.edu>
Date:   Thu Mar 7 08:58:20 2013 -0600

    Merge branch 'master' of https://github.com/VincentSteil/cs327e-wcdb.git

commit f520ed8ef3077014493387cae2170bbb5a28b793
Author: VincentSteil <vincent.steil@utexas.edu>
Date:   Thu Mar 7 08:57:54 2013 -0600

    All crises done in XML, on to Orgs and PPL

commit d9a51cf143ddaada93dfc6a987ca0d27bbff17ea
Author: Carlos <Carlos.balderas@utexas.edu>
Date:   Wed Mar 6 19:57:29 2013 -0600

    extra commit just in case, had to merge first

commit 4b2586abecca46e5bfa2581e4b62c91885b6e2d4
Merge: ff823db db9134a
Author: Carlos <Carlos.balderas@utexas.edu>
Date:   Wed Mar 6 19:56:04 2013 -0600

    Merge branch 'master' of https://github.com/VincentSteil/cs327e-wcdb

commit ff823db0b44ab9256ea8fd0b1ef1eecfbd4d38c4
Author: Carlos <Carlos.balderas@utexas.edu>
Date:   Wed Mar 6 19:54:49 2013 -0600

    acceptance tests added

commit db9134a7d2ba43e996c18c2d5316f9d013068944
Merge: 7c1d54b 02d0e32
Author: VincentSteil <vincent.steil@utexas.edu>
Date:   Wed Mar 6 18:43:54 2013 -0600

    Merge branch 'master' of https://github.com/VincentSteil/cs327e-wcdb.git

commit 7c1d54b092acb3f7a52fbf1440010e6799a65be2
Author: VincentSteil <vincent.steil@utexas.edu>
Date:   Wed Mar 6 18:43:10 2013 -0600

    I've gotten the XML to validate with the XSD. Only 1 entry for each
    category so far. Adding more now.

commit 02d0e32ca84f18f552ed685ffb2b4d0b517e651a
Author: wjg374 <wgenerous@gmail.com>
Date:   Wed Mar 6 16:09:35 2013 -0600

    Added rest of data (check message for full detail)
    
    Added Criseis: Hurricane Andrew, Hurricane Carla, Hurricane Emily,
    Hurricane Hugo,  2010 Haiti Earthquake,
    
    Orgs: American Red Cross, FEMA, National Guard of the United States,
    Save the Children, The Salvation Army
    
    People: Charles Perrin, Gail McGovern, Linda Bond, Wallace Stickney
    
    sorry these aren't that original or cool --- hurricanes are very easy
    and i'm studying for two tests tomorrow

commit a30311fef2dd0bea74e33b65ea03b1d3359a176d
Author: mduban <iwo@utexas.edu>
Date:   Wed Mar 6 12:18:03 2013 -0600

    All unit tests done (3 for both print and run)

commit 74c40c3176cae02cb4d8b7e40e4459c56ff4ceac
Author: mduban <iwo@utexas.edu>
Date:   Wed Mar 6 12:11:44 2013 -0600

    Unit tests added, comments added

commit fec1e6d58f167964de181e7bf512bca98808f1ff
Author: Carlos <Carlos.balderas@utexas.edu>
Date:   Wed Mar 6 02:59:12 2013 -0600

    tested sucessfully, one acceptance test added, 9 more to come

commit ee6a551f16d866b0e09e9af11fefc2c79674bab2
Author: Carlos <Carlos.balderas@utexas.edu>
Date:   Wed Mar 6 02:56:03 2013 -0600

    fixed errors

commit 2e3cbfb4cd93536c53a395c159a423aef52480b2
Author: Carlos <Carlos.balderas@utexas.edu>
Date:   Wed Mar 6 02:48:07 2013 -0600

    setup for Running acceptance tests; changed structure of WCDB1.py

commit 6ae70888c2a8bc7c8e91db2de771b588294d122e
Author: wjg374 <wgenerous@gmail.com>
Date:   Tue Mar 5 22:46:30 2013 -0600

    Seperated 2010 Chile Eearthquake data

commit 9e0f6ef8d9cf52e13100820bc4db7538ff7b378f
Author: mduban <iwo@utexas.edu>
Date:   Tue Mar 5 15:55:21 2013 -0600

    Added comments

commit 9a75ce8255ba92296860278e58278407790f70e6
Author: mduban <iwo@utexas.edu>
Date:   Tue Mar 5 15:44:39 2013 -0600

    XML import/export facility done

commit 8209cbd8195b9c07c472e6f19f4bce8700b2372a
Merge: c4b7d8a 997aa9f
Author: mduban <iwo@utexas.edu>
Date:   Mon Mar 4 13:35:02 2013 -0600

    Merge branch 'master' of https://github.com/VincentSteil/cs327e-wcdb.git

commit c4b7d8ab7e1ca2f0c8beb2db3c0e7545d98e6063
Author: mduban <iwo@utexas.edu>
Date:   Mon Mar 4 13:34:09 2013 -0600

    Began working on XML export/import facility

commit 997aa9f31b8f8ba7d77d20df18fe8889948904fc
Author: VincentSteil <vincent.steil@utexas.edu>
Date:   Sun Mar 3 11:51:14 2013 -0600

    CIA and USAF data added

commit 946b65987f74c479b22651c6a24a633977c60060
Author: VincentSteil <vincent.steil@utexas.edu>
Date:   Sun Mar 3 11:37:00 2013 -0600

    Dwight_Eisenhower, Joseph_Stalin, Willy_Brandt inserted

commit 1e25b6c9b7b1f484347c5959098ba1a4548346c1
Author: VincentSteil <vincent.steil@utexas.edu>
Date:   Sun Mar 3 11:19:19 2013 -0600

    Berlin Blockade and U-2 Incident data

commit d9f3c389f2b11594c3773b20f732b28b92268971
Author: mduban <iwo@utexas.edu>
Date:   Sat Mar 2 18:35:20 2013 -0600

    People info added about Sherry Rehman and Ban Ki-moon

commit 936f29858017ae5d9284534f6d46dfa8510363e0
Author: unknown <Iwo@.(none)>
Date:   Fri Mar 1 20:35:26 2013 -0600

    Added two more crises and two more organization to later implement in XMLs

commit 02e4fa5ec963e142290fe3afa4f350387cc476de
Author: wgenerous <wgenerous@gmail.com>
Date:   Fri Mar 1 16:21:40 2013 -0600

    Create 2010 Chile Earthquake Info
    
    will put into XML when I get back

commit 91fd429a07c6bcd34b6fe31e2d5d2aef72d6144d
Author: VincentSteil <vincent.steil@utexas.edu>
Date:   Wed Feb 27 11:28:09 2013 -0800

    Initial commit
